Terminals which are not used

   tESPACE
   tIF
   tELSE
   tWHILE
   tRETURN
   tCMP
   tINF
   tSUP
   tINFEQUAL
   tSUPEQUAL
   tNOTEQUAL


State 7 conflicts: 4 shift/reduce
State 14 conflicts: 5 shift/reduce
State 21 conflicts: 4 shift/reduce, 5 reduce/reduce
State 38 conflicts: 1 shift/reduce
State 47 conflicts: 1 shift/reduce


Grammar

    0 $accept: start $end

    1 start: tINT tMAIN tPARENTHESE_OUVRANTE tPARENTHESE_FERMANTE Body

    2 Body: tACCOLADE_OUVRANTE Phrase tACCOLADE_FERMANTE

    3 EntierOuVar: tENTIER
    4            | tVAR_NAME

    5 Var: tVAR_NAME

    6 Phrase: Phrase Phrase
    7       | tINT Def_VAR_INT tPOINT_VIRGULE
    8       | tCONST tINT Def_VAR_CONST_INT tPOINT_VIRGULE
    9       | Var tEGALE Calcul tPOINT_VIRGULE
   10       | tPRINTF_VARIABLE tPARENTHESE_OUVRANTE tVAR_NAME tPARENTHESE_FERMANTE tPOINT_VIRGULE
   11       | /* empty */

   12 Calcul: tPARENTHESE_OUVRANTE Calcul tPARENTHESE_FERMANTE
   13       | Calcul tPLUS Calcul
   14       | Calcul tMOINS Calcul
   15       | Calcul tFOIS Calcul
   16       | Calcul tDIVISER Calcul
   17       | EntierOuVar

   18 Entier: tENTIER

   19 Def_VAR_INT: Var
   20            | Var tEGALE Entier
   21            | Def_VAR_INT tVIRGULE Def_VAR_INT

   22 Def_VAR_CONST_INT: Var
   23                  | Var tEGALE Entier
   24                  | Def_VAR_CONST_INT tVIRGULE Def_VAR_CONST_INT


Terminals, with rules where they appear

$end (0) 0
error (256)
tENTIER (258) 3 18
tVAR_NAME (259) 4 5 10
tMAIN (260) 1
tPARENTHESE_OUVRANTE (261) 1 10 12
tPARENTHESE_FERMANTE (262) 1 10 12
tACCOLADE_OUVRANTE (263) 2
tACCOLADE_FERMANTE (264) 2
tCONST (265) 8
tINT (266) 1 7 8
tPLUS (267) 13
tMOINS (268) 14
tFOIS (269) 15
tDIVISER (270) 16
tEGALE (271) 9 20 23
tESPACE (272)
tVIRGULE (273) 21 24
tPOINT_VIRGULE (274) 7 8 9 10
tPRINTF_VARIABLE (275) 10
tIF (276)
tELSE (277)
tWHILE (278)
tRETURN (279)
tCMP (280)
tINF (281)
tSUP (282)
tINFEQUAL (283)
tSUPEQUAL (284)
tNOTEQUAL (285)


Nonterminals, with rules where they appear

$accept (31)
    on left: 0
start (32)
    on left: 1, on right: 0
Body (33)
    on left: 2, on right: 1
EntierOuVar (34)
    on left: 3 4, on right: 17
Var (35)
    on left: 5, on right: 9 19 20 22 23
Phrase (36)
    on left: 6 7 8 9 10 11, on right: 2 6
Calcul (37)
    on left: 12 13 14 15 16 17, on right: 9 12 13 14 15 16
Entier (38)
    on left: 18, on right: 20 23
Def_VAR_INT (39)
    on left: 19 20 21, on right: 7 21
Def_VAR_CONST_INT (40)
    on left: 22 23 24, on right: 8 24


state 0

    0 $accept: . start $end

    tINT  shift, and go to state 1

    start  go to state 2


state 1

    1 start: tINT . tMAIN tPARENTHESE_OUVRANTE tPARENTHESE_FERMANTE Body

    tMAIN  shift, and go to state 3


state 2

    0 $accept: start . $end

    $end  shift, and go to state 4


state 3

    1 start: tINT tMAIN . tPARENTHESE_OUVRANTE tPARENTHESE_FERMANTE Body

    tPARENTHESE_OUVRANTE  shift, and go to state 5


state 4

    0 $accept: start $end .

    $default  accept


state 5

    1 start: tINT tMAIN tPARENTHESE_OUVRANTE . tPARENTHESE_FERMANTE Body

    tPARENTHESE_FERMANTE  shift, and go to state 6


state 6

    1 start: tINT tMAIN tPARENTHESE_OUVRANTE tPARENTHESE_FERMANTE . Body

    tACCOLADE_OUVRANTE  shift, and go to state 7

    Body  go to state 8


state 7

    2 Body: tACCOLADE_OUVRANTE . Phrase tACCOLADE_FERMANTE

    tVAR_NAME         shift, and go to state 9
    tCONST            shift, and go to state 10
    tINT              shift, and go to state 11
    tPRINTF_VARIABLE  shift, and go to state 12

    tVAR_NAME         [reduce using rule 11 (Phrase)]
    tCONST            [reduce using rule 11 (Phrase)]
    tINT              [reduce using rule 11 (Phrase)]
    tPRINTF_VARIABLE  [reduce using rule 11 (Phrase)]
    $default          reduce using rule 11 (Phrase)

    Var     go to state 13
    Phrase  go to state 14


state 8

    1 start: tINT tMAIN tPARENTHESE_OUVRANTE tPARENTHESE_FERMANTE Body .

    $default  reduce using rule 1 (start)


state 9

    5 Var: tVAR_NAME .

    $default  reduce using rule 5 (Var)


state 10

    8 Phrase: tCONST . tINT Def_VAR_CONST_INT tPOINT_VIRGULE

    tINT  shift, and go to state 15


state 11

    7 Phrase: tINT . Def_VAR_INT tPOINT_VIRGULE

    tVAR_NAME  shift, and go to state 9

    Var          go to state 16
    Def_VAR_INT  go to state 17


state 12

   10 Phrase: tPRINTF_VARIABLE . tPARENTHESE_OUVRANTE tVAR_NAME tPARENTHESE_FERMANTE tPOINT_VIRGULE

    tPARENTHESE_OUVRANTE  shift, and go to state 18


state 13

    9 Phrase: Var . tEGALE Calcul tPOINT_VIRGULE

    tEGALE  shift, and go to state 19


state 14

    2 Body: tACCOLADE_OUVRANTE Phrase . tACCOLADE_FERMANTE
    6 Phrase: Phrase . Phrase

    tVAR_NAME           shift, and go to state 9
    tACCOLADE_FERMANTE  shift, and go to state 20
    tCONST              shift, and go to state 10
    tINT                shift, and go to state 11
    tPRINTF_VARIABLE    shift, and go to state 12

    tVAR_NAME           [reduce using rule 11 (Phrase)]
    tACCOLADE_FERMANTE  [reduce using rule 11 (Phrase)]
    tCONST              [reduce using rule 11 (Phrase)]
    tINT                [reduce using rule 11 (Phrase)]
    tPRINTF_VARIABLE    [reduce using rule 11 (Phrase)]

    Var     go to state 13
    Phrase  go to state 21


state 15

    8 Phrase: tCONST tINT . Def_VAR_CONST_INT tPOINT_VIRGULE

    tVAR_NAME  shift, and go to state 9

    Var                go to state 22
    Def_VAR_CONST_INT  go to state 23


state 16

   19 Def_VAR_INT: Var .
   20            | Var . tEGALE Entier

    tEGALE  shift, and go to state 24

    $default  reduce using rule 19 (Def_VAR_INT)


state 17

    7 Phrase: tINT Def_VAR_INT . tPOINT_VIRGULE
   21 Def_VAR_INT: Def_VAR_INT . tVIRGULE Def_VAR_INT

    tVIRGULE        shift, and go to state 25
    tPOINT_VIRGULE  shift, and go to state 26


state 18

   10 Phrase: tPRINTF_VARIABLE tPARENTHESE_OUVRANTE . tVAR_NAME tPARENTHESE_FERMANTE tPOINT_VIRGULE

    tVAR_NAME  shift, and go to state 27


state 19

    9 Phrase: Var tEGALE . Calcul tPOINT_VIRGULE

    tENTIER               shift, and go to state 28
    tVAR_NAME             shift, and go to state 29
    tPARENTHESE_OUVRANTE  shift, and go to state 30

    EntierOuVar  go to state 31
    Calcul       go to state 32


state 20

    2 Body: tACCOLADE_OUVRANTE Phrase tACCOLADE_FERMANTE .

    $default  reduce using rule 2 (Body)


state 21

    6 Phrase: Phrase . Phrase
    6       | Phrase Phrase .

    tVAR_NAME         shift, and go to state 9
    tCONST            shift, and go to state 10
    tINT              shift, and go to state 11
    tPRINTF_VARIABLE  shift, and go to state 12

    tVAR_NAME           [reduce using rule 6 (Phrase)]
    tVAR_NAME           [reduce using rule 11 (Phrase)]
    tACCOLADE_FERMANTE  reduce using rule 6 (Phrase)
    tACCOLADE_FERMANTE  [reduce using rule 11 (Phrase)]
    tCONST              [reduce using rule 6 (Phrase)]
    tCONST              [reduce using rule 11 (Phrase)]
    tINT                [reduce using rule 6 (Phrase)]
    tINT                [reduce using rule 11 (Phrase)]
    tPRINTF_VARIABLE    [reduce using rule 6 (Phrase)]
    tPRINTF_VARIABLE    [reduce using rule 11 (Phrase)]
    $default            reduce using rule 6 (Phrase)

    Var     go to state 13
    Phrase  go to state 21


state 22

   22 Def_VAR_CONST_INT: Var .
   23                  | Var . tEGALE Entier

    tEGALE  shift, and go to state 33

    $default  reduce using rule 22 (Def_VAR_CONST_INT)


state 23

    8 Phrase: tCONST tINT Def_VAR_CONST_INT . tPOINT_VIRGULE
   24 Def_VAR_CONST_INT: Def_VAR_CONST_INT . tVIRGULE Def_VAR_CONST_INT

    tVIRGULE        shift, and go to state 34
    tPOINT_VIRGULE  shift, and go to state 35


state 24

   20 Def_VAR_INT: Var tEGALE . Entier

    tENTIER  shift, and go to state 36

    Entier  go to state 37


state 25

   21 Def_VAR_INT: Def_VAR_INT tVIRGULE . Def_VAR_INT

    tVAR_NAME  shift, and go to state 9

    Var          go to state 16
    Def_VAR_INT  go to state 38


state 26

    7 Phrase: tINT Def_VAR_INT tPOINT_VIRGULE .

    $default  reduce using rule 7 (Phrase)


state 27

   10 Phrase: tPRINTF_VARIABLE tPARENTHESE_OUVRANTE tVAR_NAME . tPARENTHESE_FERMANTE tPOINT_VIRGULE

    tPARENTHESE_FERMANTE  shift, and go to state 39


state 28

    3 EntierOuVar: tENTIER .

    $default  reduce using rule 3 (EntierOuVar)


state 29

    4 EntierOuVar: tVAR_NAME .

    $default  reduce using rule 4 (EntierOuVar)


state 30

   12 Calcul: tPARENTHESE_OUVRANTE . Calcul tPARENTHESE_FERMANTE

    tENTIER               shift, and go to state 28
    tVAR_NAME             shift, and go to state 29
    tPARENTHESE_OUVRANTE  shift, and go to state 30

    EntierOuVar  go to state 31
    Calcul       go to state 40


state 31

   17 Calcul: EntierOuVar .

    $default  reduce using rule 17 (Calcul)


state 32

    9 Phrase: Var tEGALE Calcul . tPOINT_VIRGULE
   13 Calcul: Calcul . tPLUS Calcul
   14       | Calcul . tMOINS Calcul
   15       | Calcul . tFOIS Calcul
   16       | Calcul . tDIVISER Calcul

    tPLUS           shift, and go to state 41
    tMOINS          shift, and go to state 42
    tFOIS           shift, and go to state 43
    tDIVISER        shift, and go to state 44
    tPOINT_VIRGULE  shift, and go to state 45


state 33

   23 Def_VAR_CONST_INT: Var tEGALE . Entier

    tENTIER  shift, and go to state 36

    Entier  go to state 46


state 34

   24 Def_VAR_CONST_INT: Def_VAR_CONST_INT tVIRGULE . Def_VAR_CONST_INT

    tVAR_NAME  shift, and go to state 9

    Var                go to state 22
    Def_VAR_CONST_INT  go to state 47


state 35

    8 Phrase: tCONST tINT Def_VAR_CONST_INT tPOINT_VIRGULE .

    $default  reduce using rule 8 (Phrase)


state 36

   18 Entier: tENTIER .

    $default  reduce using rule 18 (Entier)


state 37

   20 Def_VAR_INT: Var tEGALE Entier .

    $default  reduce using rule 20 (Def_VAR_INT)


state 38

   21 Def_VAR_INT: Def_VAR_INT . tVIRGULE Def_VAR_INT
   21            | Def_VAR_INT tVIRGULE Def_VAR_INT .

    tVIRGULE  shift, and go to state 25

    tVIRGULE  [reduce using rule 21 (Def_VAR_INT)]
    $default  reduce using rule 21 (Def_VAR_INT)


state 39

   10 Phrase: tPRINTF_VARIABLE tPARENTHESE_OUVRANTE tVAR_NAME tPARENTHESE_FERMANTE . tPOINT_VIRGULE

    tPOINT_VIRGULE  shift, and go to state 48


state 40

   12 Calcul: tPARENTHESE_OUVRANTE Calcul . tPARENTHESE_FERMANTE
   13       | Calcul . tPLUS Calcul
   14       | Calcul . tMOINS Calcul
   15       | Calcul . tFOIS Calcul
   16       | Calcul . tDIVISER Calcul

    tPARENTHESE_FERMANTE  shift, and go to state 49
    tPLUS                 shift, and go to state 41
    tMOINS                shift, and go to state 42
    tFOIS                 shift, and go to state 43
    tDIVISER              shift, and go to state 44


state 41

   13 Calcul: Calcul tPLUS . Calcul

    tENTIER               shift, and go to state 28
    tVAR_NAME             shift, and go to state 29
    tPARENTHESE_OUVRANTE  shift, and go to state 30

    EntierOuVar  go to state 31
    Calcul       go to state 50


state 42

   14 Calcul: Calcul tMOINS . Calcul

    tENTIER               shift, and go to state 28
    tVAR_NAME             shift, and go to state 29
    tPARENTHESE_OUVRANTE  shift, and go to state 30

    EntierOuVar  go to state 31
    Calcul       go to state 51


state 43

   15 Calcul: Calcul tFOIS . Calcul

    tENTIER               shift, and go to state 28
    tVAR_NAME             shift, and go to state 29
    tPARENTHESE_OUVRANTE  shift, and go to state 30

    EntierOuVar  go to state 31
    Calcul       go to state 52


state 44

   16 Calcul: Calcul tDIVISER . Calcul

    tENTIER               shift, and go to state 28
    tVAR_NAME             shift, and go to state 29
    tPARENTHESE_OUVRANTE  shift, and go to state 30

    EntierOuVar  go to state 31
    Calcul       go to state 53


state 45

    9 Phrase: Var tEGALE Calcul tPOINT_VIRGULE .

    $default  reduce using rule 9 (Phrase)


state 46

   23 Def_VAR_CONST_INT: Var tEGALE Entier .

    $default  reduce using rule 23 (Def_VAR_CONST_INT)


state 47

   24 Def_VAR_CONST_INT: Def_VAR_CONST_INT . tVIRGULE Def_VAR_CONST_INT
   24                  | Def_VAR_CONST_INT tVIRGULE Def_VAR_CONST_INT .

    tVIRGULE  shift, and go to state 34

    tVIRGULE  [reduce using rule 24 (Def_VAR_CONST_INT)]
    $default  reduce using rule 24 (Def_VAR_CONST_INT)


state 48

   10 Phrase: tPRINTF_VARIABLE tPARENTHESE_OUVRANTE tVAR_NAME tPARENTHESE_FERMANTE tPOINT_VIRGULE .

    $default  reduce using rule 10 (Phrase)


state 49

   12 Calcul: tPARENTHESE_OUVRANTE Calcul tPARENTHESE_FERMANTE .

    $default  reduce using rule 12 (Calcul)


state 50

   13 Calcul: Calcul . tPLUS Calcul
   13       | Calcul tPLUS Calcul .
   14       | Calcul . tMOINS Calcul
   15       | Calcul . tFOIS Calcul
   16       | Calcul . tDIVISER Calcul

    tFOIS     shift, and go to state 43
    tDIVISER  shift, and go to state 44

    $default  reduce using rule 13 (Calcul)


state 51

   13 Calcul: Calcul . tPLUS Calcul
   14       | Calcul . tMOINS Calcul
   14       | Calcul tMOINS Calcul .
   15       | Calcul . tFOIS Calcul
   16       | Calcul . tDIVISER Calcul

    tFOIS     shift, and go to state 43
    tDIVISER  shift, and go to state 44

    $default  reduce using rule 14 (Calcul)


state 52

   13 Calcul: Calcul . tPLUS Calcul
   14       | Calcul . tMOINS Calcul
   15       | Calcul . tFOIS Calcul
   15       | Calcul tFOIS Calcul .
   16       | Calcul . tDIVISER Calcul

    $default  reduce using rule 15 (Calcul)


state 53

   13 Calcul: Calcul . tPLUS Calcul
   14       | Calcul . tMOINS Calcul
   15       | Calcul . tFOIS Calcul
   16       | Calcul . tDIVISER Calcul
   16       | Calcul tDIVISER Calcul .

    $default  reduce using rule 16 (Calcul)
